[debug] [2019-12-22T02:51:42.702Z] ----------------------------------------------------------------------
[debug] [2019-12-22T02:51:42.707Z] Command:       C:\Program Files\nodejs\node.exe C:\Users\Vaibhav Pathak\AppData\Roaming\npm\node_modules\firebase-tools\lib\bin\firebase.js serve
[debug] [2019-12-22T02:51:42.708Z] CLI Version:   7.11.0
[debug] [2019-12-22T02:51:42.708Z] Platform:      win32
[debug] [2019-12-22T02:51:42.708Z] Node Version:  v10.16.3
[debug] [2019-12-22T02:51:42.710Z] Time:          Sun Dec 22 2019 08:21:42 GMT+0530 (India Standard Time)
[debug] [2019-12-22T02:51:42.711Z] ----------------------------------------------------------------------
[debug] [2019-12-22T02:51:42.711Z] 
[debug] [2019-12-22T02:51:42.752Z] > command requires scopes: ["email","openid","https://www.googleapis.com/auth/cloudplatformprojects.readonly","https://www.googleapis.com/auth/firebase","https://www.googleapis.com/auth/cloud-platform"]
[debug] [2019-12-22T02:51:42.754Z] > authorizing via signed-in user
[debug] [2019-12-22T02:51:42.754Z] [iam] checking project billing-system-6948c for permissions ["firebase.projects.get"]
[debug] [2019-12-22T02:51:42.757Z] > refreshing access token with scopes: ["email","https://www.googleapis.com/auth/cloud-platform","https://www.googleapis.com/auth/cloudplatformprojects.readonly","https://www.googleapis.com/auth/firebase","openid"]
[debug] [2019-12-22T02:51:42.758Z] >>> HTTP REQUEST POST https://www.googleapis.com/oauth2/v3/token  
 <request body omitted>
[debug] [2019-12-22T02:51:43.370Z] <<< HTTP RESPONSE 200
[debug] [2019-12-22T02:51:43.437Z] >>> HTTP REQUEST POST https://cloudresourcemanager.googleapis.com/v1/projects/billing-system-6948c:testIamPermissions  

[debug] [2019-12-22T02:51:45.549Z] <<< HTTP RESPONSE 200
[debug] [2019-12-22T02:51:45.551Z] >>> HTTP REQUEST GET https://firebase.googleapis.com/v1beta1/projects/billing-system-6948c  
 
[debug] [2019-12-22T02:51:46.378Z] <<< HTTP RESPONSE 200
[info] 
[info] === Serving from 'G:\NodeJS\Billing System'...
[info] 
[debug] [2019-12-22T02:51:46.402Z] >>> HTTP REQUEST GET https://firebase.googleapis.com/v1beta1/projects/billing-system-6948c/webApps/-/config  
 
[debug] [2019-12-22T02:51:47.947Z] <<< HTTP RESPONSE 200
[info] +  hosting: Local server: http://localhost:5000
